\BOOKMARK [0][-]{section*.2}{LIST OF FIGURES}{}% 1
\BOOKMARK [0][-]{section*.4}{LIST OF TABLES}{}% 2
\BOOKMARK [0][-]{section*.6}{ACKNOWLEDGMENTS}{}% 3
\BOOKMARK [0][-]{section*.7}{CURRICULUM VITAE}{}% 4
\BOOKMARK [0][-]{section*.8}{ABSTRACT OF THE DISSERTATION}{}% 5
\BOOKMARK [0][-]{chapter.1}{Introduction}{}% 6
\BOOKMARK [1][-]{section.1.1}{Nanopores}{chapter.1}% 7
\BOOKMARK [2][-]{subsection.1.1.1}{Biological nanopores}{section.1.1}% 8
\BOOKMARK [2][-]{subsection.1.1.2}{Synthetic nanopores}{section.1.1}% 9
\BOOKMARK [2][-]{subsection.1.1.3}{Applications \(introductions\)}{section.1.1}% 10
\BOOKMARK [1][-]{section.1.2}{Nanopore science\204physics and chemistry}{chapter.1}% 11
\BOOKMARK [2][-]{subsection.1.2.1}{Pore/channel}{section.1.2}% 12
\BOOKMARK [2][-]{subsection.1.2.2}{Electrolyte solutions}{section.1.2}% 13
\BOOKMARK [2][-]{subsection.1.2.3}{Electrodes}{section.1.2}% 14
\BOOKMARK [2][-]{subsection.1.2.4}{Particles}{section.1.2}% 15
\BOOKMARK [2][-]{subsection.1.2.5}{Equations of motion for fluidic systems\204Navier\205Stokes equations}{section.1.2}% 16
\BOOKMARK [2][-]{subsection.1.2.6}{Motion of ions in a solvent\204Poisson-Nernst-Planck equation}{section.1.2}% 17
\BOOKMARK [2][-]{subsection.1.2.7}{The diffuse layer\204Poisson-Boltzmann equation}{section.1.2}% 18
\BOOKMARK [2][-]{subsection.1.2.8}{Electroosmosis}{section.1.2}% 19
\BOOKMARK [2][-]{subsection.1.2.9}{Surface conductance and conductance saturation}{section.1.2}% 20
\BOOKMARK [2][-]{subsection.1.2.10}{Ion selectivity}{section.1.2}% 21
\BOOKMARK [2][-]{subsection.1.2.11}{Ionic current rectification}{section.1.2}% 22
\BOOKMARK [0][-]{chapter.2}{Experimental study of ion conductance property of hybrid conductor-insulator nanopores}{}% 23
\BOOKMARK [1][-]{section.2.1}{Background}{chapter.2}% 24
\BOOKMARK [1][-]{section.2.2}{Experimental setup}{chapter.2}% 25
\BOOKMARK [2][-]{subsection.2.2.1}{Silicon nitride}{section.2.2}% 26
\BOOKMARK [2][-]{subsection.2.2.2}{Gold deposition}{section.2.2}% 27
\BOOKMARK [2][-]{subsection.2.2.3}{Transmission electron microscope drilling}{section.2.2}% 28
\BOOKMARK [2][-]{subsection.2.2.4}{Pore conductance characterization}{section.2.2}% 29
\BOOKMARK [1][-]{section.2.3}{Experimental results}{chapter.2}% 30
\BOOKMARK [1][-]{section.2.4}{Modelling results}{chapter.2}% 31
\BOOKMARK [1][-]{section.2.5}{Conclusion \046 Future Work}{chapter.2}% 32
\BOOKMARK [0][-]{chapter.3}{Resistive pulse studies of aspherical mesoparticles}{}% 33
\BOOKMARK [1][-]{section.3.1}{Background \046 Theory}{chapter.3}% 34
\BOOKMARK [2][-]{subsection.3.1.1}{Dynamic time warping}{section.3.1}% 35
\BOOKMARK [1][-]{section.3.2}{Experiment}{chapter.3}% 36
\BOOKMARK [1][-]{section.3.3}{Analysis \046 Discussion}{chapter.3}% 37
\BOOKMARK [1][-]{section.3.4}{Conclusions}{chapter.3}% 38
\BOOKMARK [0][-]{chapter.4}{Hybrid resistive-pulse optical detections in microfluidic systems}{}% 39
\BOOKMARK [1][-]{section.4.1}{Background \046 Theory}{chapter.4}% 40
\BOOKMARK [1][-]{section.4.2}{Experimental hardware and software}{chapter.4}% 41
\BOOKMARK [1][-]{section.4.3}{Data analysis software}{chapter.4}% 42
\BOOKMARK [1][-]{section.4.4}{Results \046 Discussion}{chapter.4}% 43
\BOOKMARK [2][-]{subsection.4.4.1}{Data analysis explanation}{section.4.4}% 44
\BOOKMARK [2][-]{subsection.4.4.2}{Straight channels}{section.4.4}% 45
\BOOKMARK [2][-]{subsection.4.4.3}{Channels with a central cavity}{section.4.4}% 46
\BOOKMARK [1][-]{section.4.5}{Conclusion}{chapter.4}% 47
\BOOKMARK [0][-]{chapter.5}{Resistive pulse studies of cancer cell deformability}{}% 48
\BOOKMARK [1][-]{section.5.1}{Background \046 Theory}{chapter.5}% 49
\BOOKMARK [1][-]{section.5.2}{Experiment and data analysis}{chapter.5}% 50
\BOOKMARK [2][-]{subsection.5.2.1}{Experiment and instrumentation control}{section.5.2}% 51
\BOOKMARK [2][-]{subsection.5.2.2}{Data analysis}{section.5.2}% 52
\BOOKMARK [1][-]{section.5.3}{Results \046 Discussion}{chapter.5}% 53
\BOOKMARK [0][-]{chapter.6}{Conclusion}{}% 54
\BOOKMARK [1][-]{section.6.1}{Introduction}{chapter.6}% 55
\BOOKMARK [1][-]{section.6.2}{Ion conductance of nanopores}{chapter.6}% 56
\BOOKMARK [2][-]{subsection.6.2.1}{Ion conductance of single carbon nanotubes}{section.6.2}% 57
\BOOKMARK [2][-]{subsection.6.2.2}{Ion conductance of hybrid insulating-conducting nanopores}{section.6.2}% 58
\BOOKMARK [2][-]{subsection.6.2.3}{Resistive pulse studies of mesoscale rods}{section.6.2}% 59
\BOOKMARK [2][-]{subsection.6.2.4}{Hybrid resistive pulse-optical platform}{section.6.2}% 60
\BOOKMARK [2][-]{subsection.6.2.5}{Particle deformability cytometry using resistive pulse sensing}{section.6.2}% 61
\BOOKMARK [1][-]{section.6.3}{Closing remarks}{chapter.6}% 62
\BOOKMARK [0][-]{section*.63}{Bibliography}{}% 63
\BOOKMARK [0][-]{appendix.A}{Appendix Title}{}% 64
\BOOKMARK [1][-]{section.A.1}{Lorem Ipsum}{appendix.A}% 65
