This is pdfTeX, Version 3.14159265-2.6-1.40.17 (TeX Live 2016) (preloaded format=pdflatex 2017.1.25)  4 SEP 2017 22:53
entering extended mode
 restricted \write18 enabled.
 %&-line parsing enabled.
**dissertation.tex
(./dissertation.tex
LaTeX2e <2017/01/01>
Babel <3.9r> and hyphenation patterns for 83 language(s) loaded.
(./ucithesis.cls
Document Class: ucithesis 2012/10/10 UCI Thesis class
(/usr/local/texlive/2016/texmf-dist/tex/latex/base/report.cls
Document Class: report 2014/09/29 v1.4h Standard LaTeX document class
(/usr/local/texlive/2016/texmf-dist/tex/latex/base/fleqn.clo
File: fleqn.clo 2016/12/29 v1.2a Standard LaTeX option (flush left equations)
\mathindent=\dimen102
Applying: [2015/01/01] Make \[ robust on input line 50.
LaTeX Info: Redefining \[ on input line 51.
Already applied: [0000/00/00] Make \[ robust on input line 62.
Applying: [2015/01/01] Make \] robust on input line 74.
LaTeX Info: Redefining \] on input line 75.
Already applied: [0000/00/00] Make \] robust on input line 83.
)
(/usr/local/texlive/2016/texmf-dist/tex/latex/base/size12.clo
File: size12.clo 2014/09/29 v1.4h Standard LaTeX file (size option)
)
\c@part=\count79
\c@chapter=\count80
\c@section=\count81
\c@subsection=\count82
\c@subsubsection=\count83
\c@paragraph=\count84
\c@subparagraph=\count85
\c@figure=\count86
\c@table=\count87
\abovecaptionskip=\skip41
\belowcaptionskip=\skip42
\bibindent=\dimen103
)
(/usr/local/texlive/2016/texmf-dist/tex/latex/geometry/geometry.sty
Package: geometry 2010/09/12 v5.6 Page Geometry

(/usr/local/texlive/2016/texmf-dist/tex/latex/graphics/keyval.sty
Package: keyval 2014/10/28 v1.15 key=value parser (DPC)
\KV@toks@=\toks14
)
(/usr/local/texlive/2016/texmf-dist/tex/generic/oberdiek/ifpdf.sty
Package: ifpdf 2016/05/14 v3.1 Provides the ifpdf switch
)
(/usr/local/texlive/2016/texmf-dist/tex/generic/oberdiek/ifvtex.sty
Package: ifvtex 2016/05/16 v1.6 Detect VTeX and its facilities (HO)
Package ifvtex Info: VTeX not detected.
)
(/usr/local/texlive/2016/texmf-dist/tex/generic/ifxetex/ifxetex.sty
Package: ifxetex 2010/09/12 v0.6 Provides ifxetex conditional
)
\Gm@cnth=\count88
\Gm@cntv=\count89
\c@Gm@tempcnt=\count90
\Gm@bindingoffset=\dimen104
\Gm@wd@mp=\dimen105
\Gm@odd@mp=\dimen106
\Gm@even@mp=\dimen107
\Gm@layoutwidth=\dimen108
\Gm@layoutheight=\dimen109
\Gm@layouthoffset=\dimen110
\Gm@layoutvoffset=\dimen111
\Gm@dimlist=\toks15
)
(/usr/local/texlive/2016/texmf-dist/tex/latex/setspace/setspace.sty
Package: setspace 2011/12/19 v6.7a set line spacing
))
(/usr/local/texlive/2016/texmf-dist/tex/latex/amsmath/amsmath.sty
Package: amsmath 2016/11/05 v2.16a AMS math features
\@mathmargin=\skip43

For additional information on amsmath, use the `?' option.
(/usr/local/texlive/2016/texmf-dist/tex/latex/amsmath/amstext.sty
Package: amstext 2000/06/29 v2.01 AMS text

(/usr/local/texlive/2016/texmf-dist/tex/latex/amsmath/amsgen.sty
File: amsgen.sty 1999/11/30 v2.0 generic functions
\@emptytoks=\toks16
\ex@=\dimen112
))
(/usr/local/texlive/2016/texmf-dist/tex/latex/amsmath/amsbsy.sty
Package: amsbsy 1999/11/29 v1.2d Bold Symbols
\pmbraise@=\dimen113
)
(/usr/local/texlive/2016/texmf-dist/tex/latex/amsmath/amsopn.sty
Package: amsopn 2016/03/08 v2.02 operator names
)
\inf@bad=\count91
LaTeX Info: Redefining \frac on input line 213.
\uproot@=\count92
\leftroot@=\count93
LaTeX Info: Redefining \overline on input line 375.
\classnum@=\count94
\DOTSCASE@=\count95
LaTeX Info: Redefining \ldots on input line 472.
LaTeX Info: Redefining \dots on input line 475.
LaTeX Info: Redefining \cdots on input line 596.
\Mathstrutbox@=\box26
\strutbox@=\box27
\big@size=\dimen114
LaTeX Font Info:    Redeclaring font encoding OML on input line 712.
LaTeX Font Info:    Redeclaring font encoding OMS on input line 713.
\macc@depth=\count96
\c@MaxMatrixCols=\count97
\dotsspace@=\muskip10
\c@parentequation=\count98
\dspbrk@lvl=\count99
\tag@help=\toks17
\row@=\count100
\column@=\count101
\maxfields@=\count102
\andhelp@=\toks18
\eqnshift@=\dimen115
\alignsep@=\dimen116
\tagshift@=\dimen117
\tagwidth@=\dimen118
\totwidth@=\dimen119
\lineht@=\dimen120
\@envbody=\toks19
\multlinegap=\skip44
\multlinetaggap=\skip45
\mathdisplay@stack=\toks20
LaTeX Info: Redefining \[ on input line 2817.
LaTeX Info: Redefining \] on input line 2818.
)
(/usr/local/texlive/2016/texmf-dist/tex/latex/amscls/amsthm.sty
Package: amsthm 2015/03/04 v2.20.2
\thm@style=\toks21
\thm@bodyfont=\toks22
\thm@headfont=\toks23
\thm@notefont=\toks24
\thm@headpunct=\toks25
\thm@preskip=\skip46
\thm@postskip=\skip47
\thm@headsep=\skip48
\dth@everypar=\toks26
)
(/usr/local/texlive/2016/texmf-dist/tex/latex/tools/array.sty
Package: array 2016/10/06 v2.4d Tabular extension package (FMi)
\col@sep=\dimen121
\extrarowheight=\dimen122
\NC@list=\toks27
\extratabsurround=\skip49
\backup@length=\skip50
)
(/usr/local/texlive/2016/texmf-dist/tex/latex/graphics/graphicx.sty
Package: graphicx 2014/10/28 v1.0g Enhanced LaTeX Graphics (DPC,SPQR)

(/usr/local/texlive/2016/texmf-dist/tex/latex/graphics/graphics.sty
Package: graphics 2016/10/09 v1.0u Standard LaTeX Graphics (DPC,SPQR)

(/usr/local/texlive/2016/texmf-dist/tex/latex/graphics/trig.sty
Package: trig 2016/01/03 v1.10 sin cos tan (DPC)
)
(/usr/local/texlive/2016/texmf-dist/tex/latex/graphics-cfg/graphics.cfg
File: graphics.cfg 2016/06/04 v1.11 sample graphics configuration
)
Package graphics Info: Driver file: pdftex.def on input line 99.

(/usr/local/texlive/2016/texmf-dist/tex/latex/graphics-def/pdftex.def
File: pdftex.def 2017/01/12 v0.06k Graphics/color for pdfTeX

(/usr/local/texlive/2016/texmf-dist/tex/generic/oberdiek/infwarerr.sty
Package: infwarerr 2016/05/16 v1.4 Providing info/warning/error messages (HO)
)
(/usr/local/texlive/2016/texmf-dist/tex/generic/oberdiek/ltxcmds.sty
Package: ltxcmds 2016/05/16 v1.23 LaTeX kernel commands for general use (HO)
)
\Gread@gobject=\count103
))
\Gin@req@height=\dimen123
\Gin@req@width=\dimen124
)
(/usr/local/texlive/2016/texmf-dist/tex/latex/natbib/natbib.sty
Package: natbib 2010/09/13 8.31b (PWD, AO)
\bibhang=\skip51
\bibsep=\skip52
LaTeX Info: Redefining \cite on input line 694.
\c@NAT@ctr=\count104
)
(/usr/local/texlive/2016/texmf-dist/tex/latex/relsize/relsize.sty
Package: relsize 2013/03/29 ver 4.1
)
(/usr/local/texlive/2016/texmf-dist/tex/latex/natbib/bibentry.sty
Package: bibentry 2007/10/30 1.5 (PWD)
)
(/usr/local/texlive/2016/texmf-dist/tex/latex/etoolbox/etoolbox.sty
Package: etoolbox 2017/01/02 v2.4 e-TeX tools for LaTeX (JAW)
\etb@tempcnta=\count105
)
(/usr/local/texlive/2016/texmf-dist/tex/latex/caption/caption.sty
Package: caption 2016/02/21 v3.3-144 Customizing captions (AR)

(/usr/local/texlive/2016/texmf-dist/tex/latex/caption/caption3.sty
Package: caption3 2016/05/22 v1.7-166 caption3 kernel (AR)
Package caption3 Info: TeX engine: e-TeX on input line 67.
\captionmargin=\dimen125
\captionmargin@=\dimen126
\captionwidth=\dimen127
\caption@tempdima=\dimen128
\caption@indent=\dimen129
\caption@parindent=\dimen130
\caption@hangindent=\dimen131
)
\c@ContinuedFloat=\count106
)
(/usr/local/texlive/2016/texmf-dist/tex/latex/caption/subcaption.sty
Package: subcaption 2016/05/22 v1.1-161 Sub-captions (AR)
\c@subfigure=\count107
\c@subtable=\count108
)
(/usr/local/texlive/2016/texmf-dist/tex/latex/multirow/multirow.sty
Package: multirow 2016/11/25 v2.2 Span multiple rows of a table
\multirow@colwidth=\skip53
\multirow@cntb=\count109
\multirow@dima=\skip54
\bigstrutjot=\dimen132
)
(/usr/local/texlive/2016/texmf-dist/tex/latex/tools/tabularx.sty
Package: tabularx 2016/02/03 v2.11 `tabularx' package (DPC)
\TX@col@width=\dimen133
\TX@old@table=\dimen134
\TX@old@col=\dimen135
\TX@target=\dimen136
\TX@delta=\dimen137
\TX@cols=\count110
\TX@ftn=\toks28
)
(/usr/local/texlive/2016/texmf-dist/tex/latex/siunitx/siunitx.sty
(/usr/local/texlive/2016/texmf-dist/tex/latex/l3kernel/expl3.sty
Package: expl3 2016/11/21 v6760 L3 programming layer (loader) 

(/usr/local/texlive/2016/texmf-dist/tex/latex/l3kernel/expl3-code.tex
Package: expl3 2016/11/21 v6760 L3 programming layer (code)
L3 Module: l3bootstrap 2016/06/13 v6596 L3 Bootstrap code
L3 Module: l3names 2016/10/13 v6722 L3 Namespace for primitives
L3 Module: l3basics 2016/09/01 v6696 L3 Basic definitions
L3 Module: l3expan 2016/08/19 v6684 L3 Argument expansion
L3 Module: l3tl 2016/08/19 v6692 L3 Token lists
L3 Module: l3str 2016/08/19 v6692 L3 Strings
L3 Module: l3seq 2016/08/19 v6685 L3 Sequences and stacks
L3 Module: l3int 2016/09/07 v6700 L3 Integers
\c_max_int=\count111
\l_tmpa_int=\count112
\l_tmpb_int=\count113
\g_tmpa_int=\count114
\g_tmpb_int=\count115
L3 Module: l3quark 2016/08/19 v6685 L3 Quarks
L3 Module: l3prg 2016/08/18 v6679 L3 Control structures
\g__prg_map_int=\count116
L3 Module: l3clist 2016/08/19 v6685 L3 Comma separated lists
L3 Module: l3token 2016/09/01 v6695 L3 Experimental token manipulation
L3 Module: l3prop 2016/08/19 v6685 L3 Property lists
L3 Module: l3msg 2016/08/19 v6691 L3 Messages
L3 Module: l3file 2016/08/19 v6685 L3 File and I/O operations
\l_iow_line_count_int=\count117
\l__iow_target_count_int=\count118
\l__iow_current_line_int=\count119
\l__iow_current_word_int=\count120
\l__iow_current_indentation_int=\count121
L3 Module: l3skip 2016/08/19 v6692 L3 Dimensions and skips
\c_zero_dim=\dimen138
\c_max_dim=\dimen139
\l_tmpa_dim=\dimen140
\l_tmpb_dim=\dimen141
\g_tmpa_dim=\dimen142
\g_tmpb_dim=\dimen143
\c_zero_skip=\skip55
\c_max_skip=\skip56
\l_tmpa_skip=\skip57
\l_tmpb_skip=\skip58
\g_tmpa_skip=\skip59
\g_tmpb_skip=\skip60
\c_zero_muskip=\muskip11
\c_max_muskip=\muskip12
\l_tmpa_muskip=\muskip13
\l_tmpb_muskip=\muskip14
\g_tmpa_muskip=\muskip15
\g_tmpb_muskip=\muskip16
L3 Module: l3keys 2016/09/21 v6711 L3 Key-value interfaces
\l_keys_choice_int=\count122
L3 Module: l3fp 2016/11/21 v6761 L3 Floating points
\c__fp_leading_shift_int=\count123
\c__fp_middle_shift_int=\count124
\c__fp_trailing_shift_int=\count125
\c__fp_big_leading_shift_int=\count126
\c__fp_big_middle_shift_int=\count127
\c__fp_big_trailing_shift_int=\count128
\c__fp_Bigg_leading_shift_int=\count129
\c__fp_Bigg_middle_shift_int=\count130
\c__fp_Bigg_trailing_shift_int=\count131
L3 Module: l3box 2016/08/19 v6685 L3 Experimental boxes
\c_empty_box=\box28
\l_tmpa_box=\box29
\l_tmpb_box=\box30
\g_tmpa_box=\box31
\g_tmpb_box=\box32
L3 Module: l3coffins 2016/08/19 v6685 L3 Coffin code layer
\l__coffin_internal_box=\box33
\l__coffin_internal_dim=\dimen144
\l__coffin_offset_x_dim=\dimen145
\l__coffin_offset_y_dim=\dimen146
\l__coffin_x_dim=\dimen147
\l__coffin_y_dim=\dimen148
\l__coffin_x_prime_dim=\dimen149
\l__coffin_y_prime_dim=\dimen150
\c_empty_coffin=\box34
\l__coffin_aligned_coffin=\box35
\l__coffin_aligned_internal_coffin=\box36
\l_tmpa_coffin=\box37
\l_tmpb_coffin=\box38
\l__coffin_display_coffin=\box39
\l__coffin_display_coord_coffin=\box40
\l__coffin_display_pole_coffin=\box41
\l__coffin_display_offset_dim=\dimen151
\l__coffin_display_x_dim=\dimen152
\l__coffin_display_y_dim=\dimen153
L3 Module: l3color 2016/06/13 v6596 L3 Experimental color support
L3 Module: l3sys 2015/09/25 v6087 L3 Experimental system/runtime functions
L3 Module: l3candidates 2016/08/19 v6688 L3 Experimental additions to l3kernel
\l__box_top_dim=\dimen154
\l__box_bottom_dim=\dimen155
\l__box_left_dim=\dimen156
\l__box_right_dim=\dimen157
\l__box_top_new_dim=\dimen158
\l__box_bottom_new_dim=\dimen159
\l__box_left_new_dim=\dimen160
\l__box_right_new_dim=\dimen161
\l__box_internal_box=\box42
\l__coffin_bounding_shift_dim=\dimen162
\l__coffin_left_corner_dim=\dimen163
\l__coffin_right_corner_dim=\dimen164
\l__coffin_bottom_corner_dim=\dimen165
\l__coffin_top_corner_dim=\dimen166
\l__coffin_scaled_total_height_dim=\dimen167
\l__coffin_scaled_width_dim=\dimen168
L3 Module: l3luatex 2016/08/18 v6679 L3 Experimental LuaTeX-specific functions
)
(/usr/local/texlive/2016/texmf-dist/tex/latex/l3kernel/l3pdfmode.def
File: l3pdfmode.def 2016/08/18 v6679 L3 Experimental driver: PDF mode
\l__driver_color_stack_int=\count132
\l__driver_tmp_box=\box43
))
(/usr/local/texlive/2016/texmf-dist/tex/latex/l3packages/xparse/xparse.sty
Package: xparse 2016/11/21 v6760 L3 Experimental document command parser
\l__xparse_current_arg_int=\count133
\l__xparse_m_args_int=\count134
\l__xparse_mandatory_args_int=\count135
\l__xparse_processor_int=\count136
\l__xparse_v_nesting_int=\count137
)
Package: siunitx 2017/01/01 v2.7a A comprehensive (SI) units package

(/usr/local/texlive/2016/texmf-dist/tex/latex/l3packages/l3keys2e/l3keys2e.sty
Package: l3keys2e 2016/11/21 v6760 LaTeX2e option processing using LaTeX3 keys
)
\l__siunitx_tmp_box=\box44
\l__siunitx_tmp_dim=\dimen169
\l__siunitx_tmp_int=\count138
\l__siunitx_number_mantissa_length_int=\count139
\l__siunitx_number_uncert_length_int=\count140
\l__siunitx_round_int=\count141
\l__siunitx_process_decimal_int=\count142
\l__siunitx_process_uncertainty_int=\count143
\l__siunitx_process_fixed_int=\count144
\l__siunitx_process_integer_min_int=\count145
\l__siunitx_process_precision_int=\count146
\l__siunitx_group_min_int=\count147
\l__siunitx_angle_marker_box=\box45
\l__siunitx_angle_unit_box=\box46
\l__siunitx_angle_marker_dim=\dimen170
\l__siunitx_angle_unit_dim=\dimen171
\l__siunitx_unit_int=\count148
\l__siunitx_unit_denominator_int=\count149
\l__siunitx_unit_numerator_int=\count150
\l__siunitx_unit_prefix_int=\count151
\l__siunitx_unit_prefix_base_int=\count152
\l__siunitx_unit_prefix_gram_int=\count153
\l__siunitx_number_product_int=\count154
\c__siunitx_one_fill_skip=\skip61
\l__siunitx_table_unit_align_skip=\skip62
\l__siunitx_table_exponent_dim=\dimen172
\l__siunitx_table_integer_dim=\dimen173
\l__siunitx_table_mantissa_dim=\dimen174
\l__siunitx_table_marker_dim=\dimen175
\l__siunitx_table_result_dim=\dimen176
\l__siunitx_table_uncert_dim=\dimen177
\l__siunitx_table_fill_pre_dim=\dimen178
\l__siunitx_table_fill_post_dim=\dimen179
\l__siunitx_table_fill_mid_dim=\dimen180
\l__siunitx_table_pre_box=\box47
\l__siunitx_table_post_box=\box48
\l__siunitx_table_mantissa_box=\box49
\l__siunitx_table_result_box=\box50
\l__siunitx_table_number_align_skip=\skip63
\l__siunitx_table_text_align_skip=\skip64
.................................................
. LaTeX info: "xparse/define-command"
. 
. Defining command \DeclareBinaryPrefix with sig. 'mmm' on line 7249.
.................................................
.................................................
. LaTeX info: "xparse/define-command"
. 
. Defining command \DeclareSIPostPower with sig. 'mm' on line 7252.
.................................................
.................................................
. LaTeX info: "xparse/define-command"
. 
. Defining command \DeclareSIPrefix with sig. 'mmm' on line 7255.
.................................................
.................................................
. LaTeX info: "xparse/define-command"
. 
. Defining command \DeclareSIPrePower with sig. 'mm' on line 7258.
.................................................
.................................................
. LaTeX info: "xparse/define-command"
. 
. Defining command \DeclareSIQualifier with sig. 'mm' on line 7261.
.................................................
.................................................
. LaTeX info: "xparse/define-command"
. 
. Defining command \DeclareSIUnit with sig. 'O{}mm' on line 7264.
.................................................
.................................................
. LaTeX info: "xparse/define-command"
. 
. Defining command \DeclareSIUnitWithOptions with sig. 'mmm' on line 7267.
.................................................
.................................................
. LaTeX info: "xparse/define-command"
. 
. Defining command \ang with sig. 'o>{\SplitArgument {2}{;}}m' on line 7282.
.................................................
.................................................
. LaTeX info: "xparse/define-command"
. 
. Defining command \num with sig. 'om' on line 7291.
.................................................
.................................................
. LaTeX info: "xparse/define-command"
. 
. Defining command \numlist with sig. 'o>{\SplitList {;}}m' on line 7300.
.................................................
.................................................
. LaTeX info: "xparse/define-command"
. 
. Defining command \numrange with sig. 'omm' on line 7309.
.................................................
.................................................
. LaTeX info: "xparse/define-command"
. 
. Defining command \SIlist with sig. 'o>{\SplitList {;}}mm' on line 7321.
.................................................
.................................................
. LaTeX info: "xparse/define-command"
. 
. Defining command \SIrange with sig. 'ommm' on line 7333.
.................................................
.................................................
. LaTeX info: "xparse/define-command"
. 
. Defining command \SI with sig. 'omom' on line 7345.
.................................................
.................................................
. LaTeX info: "xparse/define-command"
. 
. Defining command \sisetup with sig. 'm' on line 7348.
.................................................
.................................................
. LaTeX info: "xparse/define-command"
. 
. Defining command \tablenum with sig. 'om' on line 7363.
.................................................
.................................................
. LaTeX info: "xparse/define-command"
. 
. Defining command \si with sig. 'om' on line 7375.
.................................................
.................................................
. LaTeX info: "xparse/define-command"
. 
. Defining command \__siunitx_bookmark_num:w with sig. 'om' on line 7422.
.................................................
.................................................
. LaTeX info: "xparse/define-command"
. 
. Defining command \__siunitx_bookmark_numrange:w with sig. 'omm' on line
. 7424.
.................................................
.................................................
. LaTeX info: "xparse/define-command"
. 
. Defining command \__siunitx_bookmark_SI:w with sig. 'omom' on line 7426.
.................................................
.................................................
. LaTeX info: "xparse/define-command"
. 
. Defining command \__siunitx_bookmark_SIlist:w with sig. 'omm' on line 7428.
.................................................
.................................................
. LaTeX info: "xparse/define-command"
. 
. Defining command \__siunitx_bookmark_SIrange:w with sig. 'ommm' on line
. 7430.
.................................................
.................................................
. LaTeX info: "xparse/define-command"
. 
. Defining command \__siunitx_bookmark_si:w with sig. 'om' on line 7431.
.................................................
\g__file_internal_ior=\read1
(/usr/local/texlive/2016/texmf-dist/tex/latex/beamer/translator/translator.sty
Package: translator 2010/06/12 ver 1.10

(/usr/local/texlive/2016/texmf-dist/tex/latex/beamer/translator/translator-lang
uage-mappings.tex)))
(/usr/local/texlive/2016/texmf-dist/tex/latex/amsfonts/amssymb.sty
Package: amssymb 2013/01/14 v3.01 AMS font symbols

(/usr/local/texlive/2016/texmf-dist/tex/latex/amsfonts/amsfonts.sty
Package: amsfonts 2013/01/14 v3.01 Basic AMSFonts support
\symAMSa=\mathgroup4
\symAMSb=\mathgroup5
LaTeX Font Info:    Overwriting math alphabet `\mathfrak' in version `bold'
(Font)                  U/euf/m/n --> U/euf/b/n on input line 106.
))
(/usr/local/texlive/2016/texmf-dist/tex/latex/oberdiek/epstopdf.sty
Package: epstopdf 2016/05/15 v2.6 Conversion with epstopdf on the fly (HO)

(/usr/local/texlive/2016/texmf-dist/tex/latex/oberdiek/epstopdf-base.sty
Package: epstopdf-base 2016/05/15 v2.6 Base part for package epstopdf

(/usr/local/texlive/2016/texmf-dist/tex/latex/oberdiek/grfext.sty
Package: grfext 2016/05/16 v1.2 Manage graphics extensions (HO)

(/usr/local/texlive/2016/texmf-dist/tex/generic/oberdiek/kvdefinekeys.sty
Package: kvdefinekeys 2016/05/16 v1.4 Define keys (HO)
))
(/usr/local/texlive/2016/texmf-dist/tex/latex/oberdiek/kvoptions.sty
Package: kvoptions 2016/05/16 v3.12 Key value format for package options (HO)

(/usr/local/texlive/2016/texmf-dist/tex/generic/oberdiek/kvsetkeys.sty
Package: kvsetkeys 2016/05/16 v1.17 Key value parser (HO)

(/usr/local/texlive/2016/texmf-dist/tex/generic/oberdiek/etexcmds.sty
Package: etexcmds 2016/05/16 v1.6 Avoid name clashes with e-TeX commands (HO)

(/usr/local/texlive/2016/texmf-dist/tex/generic/oberdiek/ifluatex.sty
Package: ifluatex 2016/05/16 v1.4 Provides the ifluatex switch (HO)
Package ifluatex Info: LuaTeX not detected.
)
Package etexcmds Info: Could not find \expanded.
(etexcmds)             That can mean that you are not using pdfTeX 1.50 or
(etexcmds)             that some package has redefined \expanded.
(etexcmds)             In the latter case, load this package earlier.
)))
(/usr/local/texlive/2016/texmf-dist/tex/generic/oberdiek/pdftexcmds.sty
Package: pdftexcmds 2016/05/21 v0.22 Utility functions of pdfTeX for LuaTeX (HO
)
Package pdftexcmds Info: LuaTeX not detected.
Package pdftexcmds Info: \pdf@primitive is available.
Package pdftexcmds Info: \pdf@ifprimitive is available.
Package pdftexcmds Info: \pdfdraftmode found.
)
Package epstopdf-base Info: Redefining graphics rule for `.eps' on input line 4
38.
Package grfext Info: Graphics extension search list:
(grfext)             [.png,.pdf,.jpg,.mps,.jpeg,.jbig2,.jb2,.PNG,.PDF,.JPG,.JPE
G,.JBIG2,.JB2,.eps]
(grfext)             \AppendGraphicsExtensions on input line 456.

(/usr/local/texlive/2016/texmf-dist/tex/latex/latexconfig/epstopdf-sys.cfg
File: epstopdf-sys.cfg 2010/07/13 v1.3 Configuration of (r)epstopdf for TeX Liv
e
)))
(/usr/local/texlive/2016/texmf-dist/tex/latex/hyperref/hyperref.sty
Package: hyperref 2016/06/24 v6.83q Hypertext links for LaTeX

(/usr/local/texlive/2016/texmf-dist/tex/generic/oberdiek/hobsub-hyperref.sty
Package: hobsub-hyperref 2016/05/16 v1.14 Bundle oberdiek, subset hyperref (HO)


(/usr/local/texlive/2016/texmf-dist/tex/generic/oberdiek/hobsub-generic.sty
Package: hobsub-generic 2016/05/16 v1.14 Bundle oberdiek, subset generic (HO)
Package: hobsub 2016/05/16 v1.14 Construct package bundles (HO)
Package hobsub Info: Skipping package `infwarerr' (already loaded).
Package hobsub Info: Skipping package `ltxcmds' (already loaded).
Package hobsub Info: Skipping package `ifluatex' (already loaded).
Package hobsub Info: Skipping package `ifvtex' (already loaded).
Package: intcalc 2016/05/16 v1.2 Expandable calculations with integers (HO)
Package hobsub Info: Skipping package `ifpdf' (already loaded).
Package hobsub Info: Skipping package `etexcmds' (already loaded).
Package hobsub Info: Skipping package `kvsetkeys' (already loaded).
Package hobsub Info: Skipping package `kvdefinekeys' (already loaded).
Package hobsub Info: Skipping package `pdftexcmds' (already loaded).
Package: pdfescape 2016/05/16 v1.14 Implements pdfTeX's escape features (HO)
Package: bigintcalc 2016/05/16 v1.4 Expandable calculations on big integers (HO
)
Package: bitset 2016/05/16 v1.2 Handle bit-vector datatype (HO)
Package: uniquecounter 2016/05/16 v1.3 Provide unlimited unique counter (HO)
)
Package hobsub Info: Skipping package `hobsub' (already loaded).
Package: letltxmacro 2016/05/16 v1.5 Let assignment for LaTeX macros (HO)
Package: hopatch 2016/05/16 v1.3 Wrapper for package hooks (HO)
Package: xcolor-patch 2016/05/16 xcolor patch
Package: atveryend 2016/05/16 v1.9 Hooks at the very end of document (HO)
Package: atbegshi 2016/06/09 v1.18 At begin shipout hook (HO)
Package: refcount 2016/05/16 v3.5 Data extraction from label references (HO)
Package: hycolor 2016/05/16 v1.8 Color options for hyperref/bookmark (HO)
)
(/usr/local/texlive/2016/texmf-dist/tex/latex/oberdiek/auxhook.sty
Package: auxhook 2016/05/16 v1.4 Hooks for auxiliary files (HO)
)
\@linkdim=\dimen181
\Hy@linkcounter=\count155
\Hy@pagecounter=\count156

(/usr/local/texlive/2016/texmf-dist/tex/latex/hyperref/pd1enc.def
File: pd1enc.def 2016/06/24 v6.83q Hyperref: PDFDocEncoding definition (HO)
)
\Hy@SavedSpaceFactor=\count157

(/usr/local/texlive/2016/texmf-dist/tex/latex/latexconfig/hyperref.cfg
File: hyperref.cfg 2002/06/06 v1.2 hyperref configuration of TeXLive
)
Package hyperref Info: Option `plainpages' set `false' on input line 4362.
Package hyperref Info: Hyper figures OFF on input line 4486.
Package hyperref Info: Link nesting OFF on input line 4491.
Package hyperref Info: Hyper index ON on input line 4494.
Package hyperref Info: Plain pages OFF on input line 4501.
Package hyperref Info: Backreferencing OFF on input line 4506.
Package hyperref Info: Implicit mode ON; LaTeX internals redefined.
Package hyperref Info: Bookmarks ON on input line 4735.
\c@Hy@tempcnt=\count158

(/usr/local/texlive/2016/texmf-dist/tex/latex/url/url.sty
\Urlmuskip=\muskip17
Package: url 2013/09/16  ver 3.4  Verb mode for urls, etc.
)
LaTeX Info: Redefining \url on input line 5088.
\XeTeXLinkMargin=\dimen182
\Fld@menulength=\count159
\Field@Width=\dimen183
\Fld@charsize=\dimen184
Package hyperref Info: Hyper figures OFF on input line 6342.
Package hyperref Info: Link nesting OFF on input line 6347.
Package hyperref Info: Hyper index ON on input line 6350.
Package hyperref Info: backreferencing OFF on input line 6357.
Package hyperref Info: Link coloring OFF on input line 6362.
Package hyperref Info: Link coloring with OCG OFF on input line 6367.
Package hyperref Info: PDF/A mode OFF on input line 6372.
LaTeX Info: Redefining \ref on input line 6412.
LaTeX Info: Redefining \pageref on input line 6416.
\Hy@abspage=\count160
\c@Item=\count161
\c@Hfootnote=\count162
)

Package hyperref Message: Driver (autodetected): hpdftex.

(/usr/local/texlive/2016/texmf-dist/tex/latex/hyperref/hpdftex.def
File: hpdftex.def 2016/06/24 v6.83q Hyperref driver for pdfTeX
\Fld@listcount=\count163
\c@bookmark@seq@number=\count164

(/usr/local/texlive/2016/texmf-dist/tex/latex/oberdiek/rerunfilecheck.sty
Package: rerunfilecheck 2016/05/16 v1.8 Rerun checks for auxiliary files (HO)
Package uniquecounter Info: New unique counter `rerunfilecheck' on input line 2
82.
)
\Hy@SectionHShift=\skip65
)
\c@theorem=\count165
\c@definition=\count166
\c@example=\count167

(./preliminaries.tex) (./dissertation.aux (./chapter1.aux) (./chapter2.aux)
(./chapter3.aux) (./chapter4.aux) (./chapter5.aux) (./chapter6.aux)
(./appendix.aux))
\openout1 = `dissertation.aux'.

LaTeX Font Info:    Checking defaults for OML/cmm/m/it on input line 102.
LaTeX Font Info:    ... okay on input line 102.
LaTeX Font Info:    Checking defaults for T1/cmr/m/n on input line 102.
LaTeX Font Info:    ... okay on input line 102.
LaTeX Font Info:    Checking defaults for OT1/cmr/m/n on input line 102.
LaTeX Font Info:    ... okay on input line 102.
LaTeX Font Info:    Checking defaults for OMS/cmsy/m/n on input line 102.
LaTeX Font Info:    ... okay on input line 102.
LaTeX Font Info:    Checking defaults for OMX/cmex/m/n on input line 102.
LaTeX Font Info:    ... okay on input line 102.
LaTeX Font Info:    Checking defaults for U/cmr/m/n on input line 102.
LaTeX Font Info:    ... okay on input line 102.
LaTeX Font Info:    Checking defaults for PD1/pdf/m/n on input line 102.
LaTeX Font Info:    ... okay on input line 102.

*geometry* driver: auto-detecting
*geometry* detected driver: pdftex
*geometry* verbose mode - [ preamble ] result:
* driver: pdftex
* paper: <default>
* layout: <same size as paper>
* layoutoffset:(h,v)=(0.0pt,0.0pt)
* modes: 
* h-part:(L,W,R)=(72.26999pt, 469.75502pt, 72.26999pt)
* v-part:(T,H,B)=(72.26999pt, 650.43001pt, 72.26999pt)
* \paperwidth=614.295pt
* \paperheight=794.96999pt
* \textwidth=469.75502pt
* \textheight=650.43001pt
* \oddsidemargin=0.0pt
* \evensidemargin=0.0pt
* \topmargin=-37.0pt
* \headheight=12.0pt
* \headsep=25.0pt
* \topskip=12.0pt
* \footskip=30.0pt
* \marginparwidth=44.0pt
* \marginparsep=10.0pt
* \columnsep=10.0pt
* \skip\footins=10.8pt plus 4.0pt minus 2.0pt
* \hoffset=0.0pt
* \voffset=0.0pt
* \mag=1000
* \@twocolumnfalse
* \@twosidefalse
* \@mparswitchfalse
* \@reversemarginfalse
* (1in=72.27pt=25.4mm, 1cm=28.453pt)

(/usr/local/texlive/2016/texmf-dist/tex/context/base/mkii/supp-pdf.mkii
[Loading MPS to PDF converter (version 2006.09.02).]
\scratchcounter=\count168
\scratchdimen=\dimen185
\scratchbox=\box51
\nofMPsegments=\count169
\nofMParguments=\count170
\everyMPshowfont=\toks29
\MPscratchCnt=\count171
\MPscratchDim=\dimen186
\MPnumerator=\count172
\makeMPintoPDFobject=\count173
\everyMPtoPDFconversion=\toks30
)
Package caption Info: Begin \AtBeginDocument code.
Package caption Info: hyperref package is loaded.
Package caption Info: End \AtBeginDocument code.

(/usr/local/texlive/2016/texmf-dist/tex/latex/beamer/translator/dicts/translato
r-basic-dictionary/translator-basic-dictionary-English.dict
Dictionary: translator-basic-dictionary, Language: English 
)
(/usr/local/texlive/2016/texmf-dist/tex/latex/siunitx/siunitx-abbreviations.cfg
File: siunitx-abbreviations.cfg 2017/01/01 v2.7a siunitx: Abbreviated units
)
\AtBeginShipoutBox=\box52
Package hyperref Info: Link coloring OFF on input line 102.
 (/usr/local/texlive/2016/texmf-dist/tex/latex/hyperref/nameref.sty
Package: nameref 2016/05/21 v2.44 Cross-referencing by name of section

(/usr/local/texlive/2016/texmf-dist/tex/generic/oberdiek/gettitlestring.sty
Package: gettitlestring 2016/05/16 v1.5 Cleanup title references (HO)
)
\c@section@level=\count174
)
LaTeX Info: Redefining \ref on input line 102.
LaTeX Info: Redefining \pageref on input line 102.
LaTeX Info: Redefining \nameref on input line 102.

(./dissertation.out) (./dissertation.out)
\@outlinefile=\write3
\openout3 = `dissertation.out'.

\c__siunitx_mathsf_int=\count175
LaTeX Font Info:    Try loading font information for U+msa on input line 102.

(/usr/local/texlive/2016/texmf-dist/tex/latex/amsfonts/umsa.fd
File: umsa.fd 2013/01/14 v3.01 AMS symbols A
)
LaTeX Font Info:    Try loading font information for U+msb on input line 102.

(/usr/local/texlive/2016/texmf-dist/tex/latex/amsfonts/umsb.fd
File: umsb.fd 2013/01/14 v3.01 AMS symbols B
)
\c__siunitx_mathtt_int=\count176
 [1


{/usr/local/texlive/2016/texmf-var/fonts/map/pdftex/updmap/pdftex.map}]
LaTeX Font Info:    Try loading font information for OMS+cmr on input line 105.


(/usr/local/texlive/2016/texmf-dist/tex/latex/base/omscmr.fd
File: omscmr.fd 2014/09/29 v2.5h Standard LaTeX font definitions
)
LaTeX Font Info:    Font shape `OMS/cmr/m/n' in size <12> not available
(Font)              Font shape `OMS/cmsy/m/n' tried instead on input line 105.
 [1


] [2

]
(./dissertation.toc [3


] [4])
\tf@toc=\write4
\openout4 = `dissertation.toc'.

 [5] (./dissertation.lof
Overfull \hbox (20.2706pt too wide) in paragraph at lines 11--11
 [][] [][]\OT1/cmr/bx/n/12 Model for the induced-charge and EDL charges in the 
hy-brid conductor- 
 []

[6


] [7]
Overfull \hbox (0.9026pt too wide) in paragraph at lines 30--30
 [][] [][]\OT1/cmr/bx/n/12 Scanning elec-tron mi-cro-scope im-ages of metal rep
lica of track-etched 
 []

[8] [9] [10] [11]

LaTeX Warning: Reference `fig:deformationmotif' on page xii undefined on input 
line 61.

)
\tf@lof=\write5
\openout5 = `dissertation.lof'.

 [12] (./dissertation.lot)
\tf@lot=\write6
\openout6 = `dissertation.lot'.

 [13


] [14

] [15


]
Underfull \hbox (badness 10000) in paragraph at lines 105--105

 []


Underfull \hbox (badness 10000) in paragraph at lines 105--105

 []

[16]
Overfull \hbox (0.63176pt too wide) in paragraph at lines 105--105
\OT1/cmr/m/n/12 There are a di-verse range of ap-pli-ca-tions in-volv-ing flu-i
dic sys-tems at the micro- and nanoscale.
 []

[17


] [18] (./dissertation.bbl)
\openout2 = `chapter1.aux'.

 (./chapter1.tex
Chapter 1.
[1




] [2] [3] [4] [5pdfTeX warning (ext4): destination with the same identifier (na
me{equation.1.1.1}) has been already used, duplicate ignored

\AtBegShi@Output ...ipout \box \AtBeginShipoutBox 
                                                  \fi \fi 
l.48 
     ]pdfTeX warning (ext4): destination with the same identifier (name{equatio
n.1.1.1}) has been already used, duplicate ignored
<to be read again> 
                   \relax 
l.49 				\begin{equation}
                          \label{eq:ionconvection} \tag{Ion convection}

LaTeX Warning: Reference `ionconvection' on page 6 undefined on input line 53.

pdfTeX warning (ext4): destination with the same identifier (name{equation.1.1.
1}) has been already used, duplicate ignored
<to be read again> 
                   \relax 
l.58 				\begin{equation}
                          \label{eq:ionelectrophoresis} \tag{Ion electrophor...

Overfull \hbox (12.67331pt too wide) in paragraph at lines 62--63
\OT1/cmr/m/n/12 mo-bil-ity, a re-sult of the fluctuation-dissipation the-o-rem,
 cap-tured by the Einstein-Smoluchowski
 []

[6]pdfTeX warning (ext4): destination with the same identifier (name{equation.1
.1.1}) has been already used, duplicate ignored
<to be read again> 
                   \relax 
l.64 				\begin{equation}
                          \label{eq:einsteinsmoluchowski} \tag{Einstein-Smol...
pdfTeX warning (ext4): destination with the same identifier (name{equation.1.1.
1}) has been already used, duplicate ignored
<to be read again> 
                   \relax 
l.74 				\begin{equation}
                          \label{eq:nernstplanck} \tag{Nernst-Planck equation}

! Package amsmath Error: Erroneous nesting of equation structures;
(amsmath)                trying to recover with `aligned'.

See the amsmath package documentation for explanation.
Type  H <return>  for immediate help.
 ...                                              
                                                  
l.78 					\end{align}
                     
Try typing  <return>  to proceed.
If that doesn't work, type  X <return>  to quit.

pdfTeX warning (ext4): destination with the same identifier (name{equation.1.1.
1}) has been already used, duplicate ignored
<to be read again> 
                   \relax 
l.83 				\begin{equation}
                          \label{eq:currentdensity} \tag{Ionic current density}

! Package amsmath Error: Erroneous nesting of equation structures;
(amsmath)                trying to recover with `aligned'.

See the amsmath package documentation for explanation.
Type  H <return>  for immediate help.
 ...                                              
                                                  
l.87 					\end{align}
                     
Try typing  <return>  to proceed.
If that doesn't work, type  X <return>  to quit.

[7] [8]pdfTeX warning (ext4): destination with the same identifier (name{equati
on.1.1.1}) has been already used, duplicate ignored
<to be read again> 
                   \relax 
l.111 				\begin{equation}
                            \label{eq:cauchymomentum} \tag{Cauchy momentum e...
[9]pdfTeX warning (ext4): destination with the same identifier (name{equation.1
.1.1}) has been already used, duplicate ignored
<to be read again> 
                   \relax 
l.122 				\begin{equation}
                           \label{eq:ns} \tag{Navier-Stokes equations} [10]pdfT
eX warning (ext4): destination with the same identifier (name{equation.1.1.1}) 
has been already used, duplicate ignored
<to be read again> 
                   \relax 
l.128 				\begin{equation}
                           \label{eq:reynoldsnum} \tag{Reynolds number}
<../images/ch1/fractioninsideedl.png, id=824, 307.1475pt x 229.8186pt>
File: ../images/ch1/fractioninsideedl.png Graphic file (type png)

<use ../images/ch1/fractioninsideedl.png>
Package pdftex.def Info: ../images/ch1/fractioninsideedl.png used on input line
 139.
(pdftex.def)             Requested size: 307.14674pt x 229.81804pt.
 [11]
<../images/ch1/edl.png, id=832, 1230.5975pt x 1254.6875pt>
File: ../images/ch1/edl.png Graphic file (type png)

<use ../images/ch1/edl.png>
Package pdftex.def Info: ../images/ch1/edl.png used on input line 146.
(pdftex.def)             Requested size: 469.75502pt x 478.94958pt.
 [12 <../images/ch1/fractioninsideedl.png>] [13 <../images/ch1/edl.png>] [14]pd
fTeX warning (ext4): destination with the same identifier (name{equation.1.1.1}
) has been already used, duplicate ignored
<to be read again> 
                   \relax 
l.175 			\begin{equation}
                          \label{eq:boltzmann} [15] [16]
<../images/ch1/EDL_Charge_Distribution.png, id=867, 614.295pt x 460.3599pt>
File: ../images/ch1/EDL_Charge_Distribution.png Graphic file (type png)

<use ../images/ch1/EDL_Charge_Distribution.png>
Package pdftex.def Info: ../images/ch1/EDL_Charge_Distribution.png used on inpu
t line 211.
(pdftex.def)             Requested size: 469.75502pt x 352.0407pt.
 [17] [18 <../images/ch1/EDL_Charge_Distribution.png>] [19] [20]
<../images/ch1/electroosmosis.png, id=891, 495.8525pt x 376.40625pt>
File: ../images/ch1/electroosmosis.png Graphic file (type png)

<use ../images/ch1/electroosmosis.png>
Package pdftex.def Info: ../images/ch1/electroosmosis.png used on input line 25
1.
(pdftex.def)             Requested size: 234.8775pt x 178.29514pt.

<../images/ch1/Schoch2008_conductance.png, id=894, 501.875pt x 366.36874pt>
File: ../images/ch1/Schoch2008_conductance.png Graphic file (type png)

<use ../images/ch1/Schoch2008_conductance.png>
Package pdftex.def Info: ../images/ch1/Schoch2008_conductance.png used on input
 line 263.
(pdftex.def)             Requested size: 234.8775pt x 171.461pt.
 [21] [22 <../images/ch1/electroosmosis.png> <../images/ch1/Schoch2008_conducta
nce.png>] [23]
Overfull \hbox (14.01234pt too wide) detected at line 276
 $[][]$  
 []

[24]
<../images/ch1/Vlassiouk2007_conicaldiode.png, id=919, 517.935pt x 200.75pt>
File: ../images/ch1/Vlassiouk2007_conicaldiode.png Graphic file (type png)

<use ../images/ch1/Vlassiouk2007_conicaldiode.png>
Package pdftex.def Info: ../images/ch1/Vlassiouk2007_conicaldiode.png used on i
nput line 296.
(pdftex.def)             Requested size: 234.8775pt x 91.03813pt.
pdfTeX warning (ext4): destination with the same identifier (name{cite.Vlassiou
k2007}) has been already used, duplicate ignored
<to be read again> 
                   \relax 
l.297 ...opyright 2007 American Chemical Society.}
                                                  pdfTeX warning (ext4): destin
ation with the same identifier (name{cite.Vlassiouk2007}) has been already used
, duplicate ignored
<to be read again> 
                   \relax 
l.297 ...opyright 2007 American Chemical Society.}
                                                   [25] [26 <../images/ch1/Vlas
siouk2007_conicaldiode.png>] [27]

LaTeX Font Warning: Font shape `OT1/cmr/bx/sc' undefined
(Font)              using `OT1/cmr/bx/n' instead on input line 347.

<../images/ch1/bio_synth_nanopores.png, id=941, 467.03966pt x 209.70833pt>
File: ../images/ch1/bio_synth_nanopores.png Graphic file (type png)

<use ../images/ch1/bio_synth_nanopores.png>
Package pdftex.def Info: ../images/ch1/bio_synth_nanopores.png used on input li
ne 357.
(pdftex.def)             Requested size: 469.75502pt x 210.93016pt.
 [28] [29 <../images/ch1/bio_synth_nanopores.png>] [30] [31] [32] [33] [34] [35
]) [36]
\openout2 = `chapter2.aux'.

 (./chapter2.tex
Chapter 2.
[37



] <../images/ch2/SiN-Gold_Model.png, id=989, 2487.2925pt x 1920.17375pt>
File: ../images/ch2/SiN-Gold_Model.png Graphic file (type png)

<use ../images/ch2/SiN-Gold_Model.png>
Package pdftex.def Info: ../images/ch2/SiN-Gold_Model.png used on input line 15
.
(pdftex.def)             Requested size: 234.8775pt x 181.30502pt.
 [38] [39 <../images/ch2/SiN-Gold_Model.png>] [40] <../images/ch2/sinpore.png, 
id=1008, 479.7925pt x 479.7925pt>
File: ../images/ch2/sinpore.png Graphic file (type png)

<use ../images/ch2/sinpore.png>
Package pdftex.def Info: ../images/ch2/sinpore.png used on input line 38.
(pdftex.def)             Requested size: 234.8775pt x 234.88074pt.
 [41]
<../images/ch2/siniv.png, id=1014, 2118.91624pt x 660.4675pt>
File: ../images/ch2/siniv.png Graphic file (type png)

<use ../images/ch2/siniv.png>
Package pdftex.def Info: ../images/ch2/siniv.png used on input line 49.
(pdftex.def)             Requested size: 469.75502pt x 146.42194pt.
 [42 <../images/ch2/sinpore.png>] [43 <../images/ch2/siniv.png>] <../images/ch2
/sinsymm.png, id=1027, 694.595pt x 258.9675pt>
File: ../images/ch2/sinsymm.png Graphic file (type png)

<use ../images/ch2/sinsymm.png>
Package pdftex.def Info: ../images/ch2/sinsymm.png used on input line 67.
(pdftex.def)             Requested size: 469.75502pt x 175.14719pt.
 [44]
<../images/ch2/sinau0.png, id=1032, 549.05125pt x 400.49625pt>
File: ../images/ch2/sinau0.png Graphic file (type png)

<use ../images/ch2/sinau0.png>
Package pdftex.def Info: ../images/ch2/sinau0.png used on input line 73.
(pdftex.def)             Requested size: 469.75502pt x 342.66618pt.

<../images/ch2/sinau1.png, id=1033, 736.7525pt x 411.5375pt>
File: ../images/ch2/sinau1.png Graphic file (type png)

<use ../images/ch2/sinau1.png>
Package pdftex.def Info: ../images/ch2/sinau1.png used on input line 79.
(pdftex.def)             Requested size: 469.75502pt x 262.39722pt.
 [45 <../images/ch2/sinsymm.png>] [46 <../images/ch2/sinau0.png>] [47 <../image
s/ch2/sinau1.png>]
<../images/ch2/comsol_model.png, id=1052, 725.71124pt x 714.67pt>
File: ../images/ch2/comsol_model.png Graphic file (type png)

<use ../images/ch2/comsol_model.png>
Package pdftex.def Info: ../images/ch2/comsol_model.png used on input line 97.
(pdftex.def)             Requested size: 469.75502pt x 462.62161pt.

<../images/ch2/comsol1.pdf, id=1053, 1189.91843pt x 532.988pt>
File: ../images/ch2/comsol1.pdf Graphic file (type pdf)

<use ../images/ch2/comsol1.pdf>
Package pdftex.def Info: ../images/ch2/comsol1.pdf used on input line 103.
(pdftex.def)             Requested size: 469.75502pt x 210.41002pt.

<../images/ch2/comsol2.png, id=1054, 473.1276pt x 292.4526pt>
File: ../images/ch2/comsol2.png Graphic file (type png)

<use ../images/ch2/comsol2.png>
Package pdftex.def Info: ../images/ch2/comsol2.png used on input line 109.
(pdftex.def)             Requested size: 469.75502pt x 290.3679pt.
 [48] [49 <../images/ch2/comsol_model.png>]
[50 <../images/ch2/comsol1.pdf> <../images/ch2/comsol2.png>] [51]) [52]
\openout2 = `chapter3.aux'.


(./chapter3.tex
Chapter 3.
[53



] <../images/ch3/ecoli.jpg, id=1132, 803.0pt x 675.52374pt>
File: ../images/ch3/ecoli.jpg Graphic file (type jpg)

<use ../images/ch3/ecoli.jpg>
Package pdftex.def Info: ../images/ch3/ecoli.jpg used on input line 27.
(pdftex.def)             Requested size: 144.54pt x 121.58902pt.

<../images/ch3/tobaccomosaicvirus.png, id=1133, 387.4475pt x 387.4475pt>
File: ../images/ch3/tobaccomosaicvirus.png Graphic file (type png)

<use ../images/ch3/tobaccomosaicvirus.png>
Package pdftex.def Info: ../images/ch3/tobaccomosaicvirus.png used on input lin
e 32.
(pdftex.def)             Requested size: 144.54pt x 144.54163pt.


LaTeX Warning: Reference `fig:aspherical_particles.png' on page 54 undefined on
 input line 38.

[54 <../images/ch3/ecoli.jpg> <../images/ch3/tobaccomosaicvirus.png>]
<../images/ch3/dIellipsoid.png, id=1144, 711.65875pt x 578.16pt>
File: ../images/ch3/dIellipsoid.png Graphic file (type png)

<use ../images/ch3/dIellipsoid.png>
Package pdftex.def Info: ../images/ch3/dIellipsoid.png used on input line 47.
(pdftex.def)             Requested size: 234.8775pt x 190.81104pt.
 [55 <../images/ch3/dIellipsoid.png>]
<../images/ch3/particlesreveal.png, id=1153, 578.16pt x 395.4775pt>
File: ../images/ch3/particlesreveal.png Graphic file (type png)

<use ../images/ch3/particlesreveal.png>
Package pdftex.def Info: ../images/ch3/particlesreveal.png used on input line 6
6.
(pdftex.def)             Requested size: 234.8775pt x 160.66234pt.

<../images/ch3/short_long_simulated.png, id=1155, 822.07124pt x 225.84375pt>
File: ../images/ch3/short_long_simulated.png Graphic file (type png)

<use ../images/ch3/short_long_simulated.png>
Package pdftex.def Info: ../images/ch3/short_long_simulated.png used on input l
ine 77.
(pdftex.def)             Requested size: 469.75502pt x 129.05275pt.
 [56] [57 <../images/ch3/particlesreveal.png> <../images/ch3/short_long_simulat
ed.png>]
<../images/ch3/qualitative_length_measurement.png, id=1169, 811.03pt x 578.16pt
>
File: ../images/ch3/qualitative_length_measurement.png Graphic file (type png)
 <use ../images/ch3/qualitative_length_measurement.png>
Package pdftex.def Info: ../images/ch3/qualitative_length_measurement.png used 
on input line 87.
(pdftex.def)             Requested size: 469.75502pt x 334.8831pt.
 [58] [59 <../images/ch3/qualitative_length_measurement.png>]
<../images/ch3/moving_average_process.png, id=1182, 433.62pt x 433.62pt>
File: ../images/ch3/moving_average_process.png Graphic file (type png)

<use ../images/ch3/moving_average_process.png>
Package pdftex.def Info: ../images/ch3/moving_average_process.png used on input
 line 107.
(pdftex.def)             Requested size: 234.8775pt x 234.87912pt.


LaTeX Warning: Reference `fig:movingaverage' on page 60 undefined on input line
 109.


LaTeX Warning: Reference `fig:movingaverage' on page 60 undefined on input line
 120.

[60] [61 <../images/ch3/moving_average_process.png>]
<../images/ch3/eucliddtw.png, id=1197, 932.48375pt x 136.51pt>
File: ../images/ch3/eucliddtw.png Graphic file (type png)

<use ../images/ch3/eucliddtw.png>
Package pdftex.def Info: ../images/ch3/eucliddtw.png used on input line 132.
(pdftex.def)             Requested size: 469.75502pt x 68.76932pt.
 [62 <../images/ch3/eucliddtw.png>]
<../images/ch3/distancecost.png, id=1209, 1284.8pt x 810.02625pt>
File: ../images/ch3/distancecost.png Graphic file (type png)

<use ../images/ch3/distancecost.png>
Package pdftex.def Info: ../images/ch3/distancecost.png used on input line 145.

(pdftex.def)             Requested size: 469.75502pt x 296.1577pt.


Package amsmath Warning: Foreign command \atopwithdelims;
(amsmath)                \frac or \genfrac should be used instead
(amsmath)                 on input line 151.

[63] [64 <../images/ch3/distancecost.png>]
<../images/ch3/dtw_matching.png, id=1221, 349.7868pt x 439.4016pt>
File: ../images/ch3/dtw_matching.png Graphic file (type png)

<use ../images/ch3/dtw_matching.png>
Package pdftex.def Info: ../images/ch3/dtw_matching.png used on input line 161.

(pdftex.def)             Requested size: 234.8775pt x 295.0546pt.

<../images/ch3/PC.png, id=1225, 534.99875pt x 413.545pt>
File: ../images/ch3/PC.png Graphic file (type png)

<use ../images/ch3/PC.png>
Package pdftex.def Info: ../images/ch3/PC.png used on input line 173.
(pdftex.def)             Requested size: 212.70589pt x 164.41711pt.

<../images/ch3/PET.png, id=1226, 448.67625pt x 341.275pt>
File: ../images/ch3/PET.png Graphic file (type png)

<use ../images/ch3/PET.png>
Package pdftex.def Info: ../images/ch3/PET.png used on input line 175.
(pdftex.def)             Requested size: 216.16316pt x 164.41711pt.
 [65] [66 <../images/ch3/dtw_matching.png>]
<../images/ch3/particles.png, id=1238, 1642.135pt x 564.1075pt>
File: ../images/ch3/particles.png Graphic file (type png)

<use ../images/ch3/particles.png>
Package pdftex.def Info: ../images/ch3/particles.png used on input line 182.
(pdftex.def)             Requested size: 469.75502pt x 161.36623pt.

<../images/ch3/particles_real_size.png, id=1241, 448.67625pt x 180.675pt>
File: ../images/ch3/particles_real_size.png Graphic file (type png)

<use ../images/ch3/particles_real_size.png>
Package pdftex.def Info: ../images/ch3/particles_real_size.png used on input li
ne 188.
(pdftex.def)             Requested size: 469.75502pt x 189.16847pt.


LaTeX Warning: Reference `fig:particlespores' on page 67 undefined on input lin
e 196.

[67 <../images/ch3/PC.png> <../images/ch3/PET.png>] [68 <../images/ch3/particle
s.png> <../images/ch3/particles_real_size.png>]
<../images/ch3/PCPETevents.png, id=1257, 731.73375pt x 255.95625pt>
File: ../images/ch3/PCPETevents.png Graphic file (type png)

<use ../images/ch3/PCPETevents.png>
Package pdftex.def Info: ../images/ch3/PCPETevents.png used on input line 203.
(pdftex.def)             Requested size: 234.8775pt x 82.15762pt.

<../images/ch3/dIexp.png, id=1261, 621.32124pt x 541.02126pt>
File: ../images/ch3/dIexp.png Graphic file (type png)

<use ../images/ch3/dIexp.png>
Package pdftex.def Info: ../images/ch3/dIexp.png used on input line 214.
(pdftex.def)             Requested size: 469.75502pt x 409.0423pt.
 [69 <../images/ch3/PCPETevents.png>] [70 <../images/ch3/dIexp.png>]

Package natbib Warning: Citation `Tirado1980' on page 71 undefined on input lin
e 222.

[71] <../images/ch3/PET21_raw.png, id=1280, 867.24pt x 650.43pt>
File: ../images/ch3/PET21_raw.png Graphic file (type png)

<use ../images/ch3/PET21_raw.png>
Package pdftex.def Info: ../images/ch3/PET21_raw.png used on input line 228.
(pdftex.def)             Requested size: 469.75502pt x 352.31868pt.

<../images/ch3/PET21_qualitative.png, id=1282, 1154.3125pt x 903.375pt>
File: ../images/ch3/PET21_qualitative.png Graphic file (type png)

<use ../images/ch3/PET21_qualitative.png>
Package pdftex.def Info: ../images/ch3/PET21_qualitative.png used on input line
 237.
(pdftex.def)             Requested size: 234.8775pt x 183.81464pt.
 [72] [73 <../images/ch3/PET21_raw.png>]

Package natbib Warning: Citation `Menestrina2014' on page 74 undefined on input
 line 244.

<../images/ch3/longevent.png, id=1294, 335.2525pt x 308.15125pt>
File: ../images/ch3/longevent.png Graphic file (type png)

<use ../images/ch3/longevent.png>
Package pdftex.def Info: ../images/ch3/longevent.png used on input line 248.
(pdftex.def)             Requested size: 234.8775pt x 215.88777pt.

<../images/ch3/experimentaldtwfits.png, id=1295, 476.78125pt x 499.8675pt>
File: ../images/ch3/experimentaldtwfits.png Graphic file (type png)

<use ../images/ch3/experimentaldtwfits.png>
Package pdftex.def Info: ../images/ch3/experimentaldtwfits.png used on input li
ne 255.
(pdftex.def)             Requested size: 234.8775pt x 246.25674pt.

<../images/ch3/experimentaldtwfit.png, id=1296, 615.29875pt x 593.21625pt>
File: ../images/ch3/experimentaldtwfit.png Graphic file (type png)

<use ../images/ch3/experimentaldtwfit.png>
Package pdftex.def Info: ../images/ch3/experimentaldtwfit.png used on input lin
e 262.
(pdftex.def)             Requested size: 234.8775pt x 226.44736pt.
 [74 <../images/ch3/PET21_qualitative.png>] [75 <../images/ch3/longevent.png> <
../images/ch3/experimentaldtwfits.png>] <../images/ch3/dtwfit.png, id=1312, 100
6.76125pt x 940.51375pt>
File: ../images/ch3/dtwfit.png Graphic file (type png)

<use ../images/ch3/dtwfit.png>
Package pdftex.def Info: ../images/ch3/dtwfit.png used on input line 272.
(pdftex.def)             Requested size: 234.8775pt x 219.41344pt.
 [76 <../images/ch3/experimentaldtwfit.png>]
[77 <../images/ch3/dtwfit.png>]) [78]
\openout2 = `chapter4.aux'.

 (./chapter4.tex
Chapter 4.
[79



] [80] [81] <../images/ch4/hardware.jpg, id=1347, 253.1859pt x 191.5155pt>
File: ../images/ch4/hardware.jpg Graphic file (type jpg)

<use ../images/ch4/hardware.jpg>
Package pdftex.def Info: ../images/ch4/hardware.jpg used on input line 42.
(pdftex.def)             Requested size: 469.75502pt x 355.37349pt.
 [82]
<../images/ch4/cellcontroller.png, id=1353, 1377.145pt x 804.00375pt>
File: ../images/ch4/cellcontroller.png Graphic file (type png)

<use ../images/ch4/cellcontroller.png>
Package pdftex.def Info: ../images/ch4/cellcontroller.png used on input line 51
.
(pdftex.def)             Requested size: 234.8775pt x 137.12048pt.

Overfull \hbox (51.23021pt too wide) in paragraph at lines 61--62
\OT1/cmr/m/n/12 ex-per-i-ment. The pro-gram is open-sourced and avail-able at h
ttps://github.com/tphinkle/cell[]controller.
 []

[83 <../images/ch4/hardware.jpg>]
<../images/ch4/transparency.jpg, id=1359, 2225.31375pt x 1689.31125pt>
File: ../images/ch4/transparency.jpg Graphic file (type jpg)

<use ../images/ch4/transparency.jpg>
Package pdftex.def Info: ../images/ch4/transparency.jpg used on input line 68.
(pdftex.def)             Requested size: 72.26999pt x 54.85298pt.

Underfull \hbox (badness 4193) in paragraph at lines 69--69
[]\OT1/cmr/m/n/10.95 (a) |\OT1/cmr/bx/n/10.95 Printed pho-to-trans-
 []


Underfull \hbox (badness 4048) in paragraph at lines 69--69
\OT1/cmr/bx/n/10.95 parency of mi-croflu-idic
 []

<../images/ch4/wafer.jpg, id=1360, 2279.51625pt x 1773.62625pt>
File: ../images/ch4/wafer.jpg Graphic file (type jpg)

<use ../images/ch4/wafer.jpg>
Package pdftex.def Info: ../images/ch4/wafer.jpg used on input line 73.
(pdftex.def)             Requested size: 72.26999pt x 56.21051pt.

Underfull \hbox (badness 3291) in paragraph at lines 74--74
[]\OT1/cmr/m/n/10.95 (b) |\OT1/cmr/bx/n/10.95 Chan-nel mold pat-
 []


Underfull \hbox (badness 1635) in paragraph at lines 74--74
\OT1/cmr/m/n/10.95 The trans-parency im-age is
 []


Underfull \hbox (badness 2478) in paragraph at lines 74--74
\OT1/cmr/m/n/10.95 soft pho-tolithog-ra-phy tech-
 []

<../images/ch4/chip.jpg, id=1361, 2159.06625pt x 1695.33376pt>
File: ../images/ch4/chip.jpg Graphic file (type jpg)

<use ../images/ch4/chip.jpg>
Package pdftex.def Info: ../images/ch4/chip.jpg used on input line 78.
(pdftex.def)             Requested size: 72.26999pt x 56.73pt.

Underfull \hbox (badness 1365) in paragraph at lines 79--79
\OT1/cmr/m/n/10.95 PDMS chan-nels af-ter both
 []


Underfull \hbox (badness 1210) in paragraph at lines 79--79
\OT1/cmr/m/n/10.95 were treated in an oxy-gen
 []

[84 <../images/ch4/cellcontroller.png (PNG copy)> <../images/ch4/transparency.j
pg> <../images/ch4/wafer.jpg> <../images/ch4/chip.jpg>]
<../images/ch4/porestats.png, id=1369, 1226.5825pt x 777.90625pt>
File: ../images/ch4/porestats.png Graphic file (type png)

<use ../images/ch4/porestats.png>
Package pdftex.def Info: ../images/ch4/porestats.png used on input line 90.
(pdftex.def)             Requested size: 469.75502pt x 297.92207pt.
 [85] [86 <../images/ch4/porestats.png>]
[87] <../images/ch4/trajectories.pdf, id=1385, 241.90375pt x 131.49126pt>
File: ../images/ch4/trajectories.pdf Graphic file (type pdf)

<use ../images/ch4/trajectories.pdf>
Package pdftex.def Info: ../images/ch4/trajectories.pdf used on input line 105.

(pdftex.def)             Requested size: 469.75502pt x 255.3736pt.
 [88 <../images/ch4/trajectories.pdf>]
[89] <../images/ch4/rpimsync.png, id=1413, 520.5849pt x 364.2408pt>
File: ../images/ch4/rpimsync.png Graphic file (type png)

<use ../images/ch4/rpimsync.png>
Package pdftex.def Info: ../images/ch4/rpimsync.png used on input line 115.
(pdftex.def)             Requested size: 469.75502pt x 328.68628pt.


LaTeX Warning: Reference `fig:resistancemaps' on page 90 undefined on input lin
e 127.

[90 <../images/ch4/rpimsync.png>]
<../images/ch4/resistancemaps_straight.png, id=1421, 978.65625pt x 680.5425pt>
File: ../images/ch4/resistancemaps_straight.png Graphic file (type png)

<use ../images/ch4/resistancemaps_straight.png>
Package pdftex.def Info: ../images/ch4/resistancemaps_straight.png used on inpu
t line 133.
(pdftex.def)             Requested size: 469.75502pt x 326.66707pt.


LaTeX Warning: Reference `fig:resistancemaps_straight' on page 91 undefined on 
input line 138.

[91 <../images/ch4/resistancemaps_straight.png>]
<../images/ch4/channelentrancestraight.pdf, id=1429, 520.94624pt x 292.09125pt>
File: ../images/ch4/channelentrancestraight.pdf Graphic file (type pdf)
<use ../images/ch4/channelentrancestraight.pdf>
Package pdftex.def Info: ../images/ch4/channelentrancestraight.pdf used on inpu
t line 144.
(pdftex.def)             Requested size: 469.75502pt x 263.39223pt.
 [92 <../images/ch4/channelentrancestraight.pdf>] [93]
<../images/ch4/simulated_dV.png, id=1494, 289.08pt x 216.81pt>
File: ../images/ch4/simulated_dV.png Graphic file (type png)

<use ../images/ch4/simulated_dV.png>
Package pdftex.def Info: ../images/ch4/simulated_dV.png used on input line 164.

(pdftex.def)             Requested size: 234.8775pt x 176.15768pt.

<../images/ch4/dIdtstraight.pdf, id=1497, 237.88875pt x 490.83376pt>
File: ../images/ch4/dIdtstraight.pdf Graphic file (type pdf)

<use ../images/ch4/dIdtstraight.pdf>
Package pdftex.def Info: ../images/ch4/dIdtstraight.pdf used on input line 175.

(pdftex.def)             Requested size: 234.8775pt x 484.64621pt.
 [94 <../images/ch4/simulated_dV.png>]
[95 <../images/ch4/dIdtstraight.pdf>]
<../images/ch4/dtdIystraight.pdf, id=1571, 253.94875pt x 380.42125pt>
File: ../images/ch4/dtdIystraight.pdf Graphic file (type pdf)

<use ../images/ch4/dtdIystraight.pdf>
Package pdftex.def Info: ../images/ch4/dtdIystraight.pdf used on input line 184
.
(pdftex.def)             Requested size: 352.31625pt x 527.79718pt.

<../images/ch4/resistancemaps_cavity.png, id=1577, 978.65625pt x 376.40625pt>
File: ../images/ch4/resistancemaps_cavity.png Graphic file (type png)

<use ../images/ch4/resistancemaps_cavity.png>
Package pdftex.def Info: ../images/ch4/resistancemaps_cavity.png used on input 
line 196.
(pdftex.def)             Requested size: 469.75502pt x 180.67868pt.
 [96] [97 <../images/ch4/dtdIystraight.pdf>]

LaTeX Warning: Reference `fig:resistancemaps_cavity' on page 98 undefined on in
put line 201.

[98 <../images/ch4/resistancemaps_cavity.png>]
<../images/ch4/channelentrancecavity.pdf, id=1652, 520.94624pt x 292.09125pt>
File: ../images/ch4/channelentrancecavity.pdf Graphic file (type pdf)

<use ../images/ch4/channelentrancecavity.pdf>
Package pdftex.def Info: ../images/ch4/channelentrancecavity.pdf used on input 
line 207.
(pdftex.def)             Requested size: 469.75502pt x 263.39223pt.
 [99 <../images/ch4/channelentrancecavity.pdf>]
<../images/ch4/amplituderatios.pdf, id=1714, 253.94875pt x 380.42125pt>
File: ../images/ch4/amplituderatios.pdf Graphic file (type pdf)

<use ../images/ch4/amplituderatios.pdf>
Package pdftex.def Info: ../images/ch4/amplituderatios.pdf used on input line 2
33.
(pdftex.def)             Requested size: 234.8775pt x 351.86671pt.


LaTeX Warning: Reference `fig:currentratio' on page 100 undefined on input line
 242.

[100] [101 <../images/ch4/amplituderatios.pdf>]
<../images/ch4/dIdtcavity.pdf, id=1791, 253.94875pt x 243.91125pt>
File: ../images/ch4/dIdtcavity.pdf Graphic file (type pdf)

<use ../images/ch4/dIdtcavity.pdf>
Package pdftex.def Info: ../images/ch4/dIdtcavity.pdf used on input line 247.
(pdftex.def)             Requested size: 469.75502pt x 451.2064pt.

<../images/ch4/dtdIycavity.pdf, id=1793, 508.90125pt x 316.18124pt>
File: ../images/ch4/dtdIycavity.pdf Graphic file (type pdf)

<use ../images/ch4/dtdIycavity.pdf>
Package pdftex.def Info: ../images/ch4/dtdIycavity.pdf used on input line 258.
(pdftex.def)             Requested size: 469.75502pt x 291.86964pt.


LaTeX Warning: Reference `fig:dIdtycavity' on page 102 undefined on input line 
264.


LaTeX Warning: Reference `fig:dIdtystraight' on page 102 undefined on input lin
e 264.

[102] [103 <../images/ch4/dIdtcavity.pdf>] [104 <../images/ch4/dtdIycavity.pdf>
] [105] [106]) [107]
\openout2 = `chapter5.aux'.

 (./chapter5.tex
Chapter 5.

Package natbib Warning: Citation `Gosset2012' on page 108 undefined on input li
ne 11.

[108



]

Package natbib Warning: Citation `Lin2017' on page 109 undefined on input line 
13.

[109]

Package natbib Warning: Citation `DiCarlo2017' on page 110 undefined on input l
ine 19.

[110] [111] <../images/ch5/dIellipsoid.png, id=1957, 684.5575pt x 536.0025pt>
File: ../images/ch5/dIellipsoid.png Graphic file (type png)

<use ../images/ch5/dIellipsoid.png>
Package pdftex.def Info: ../images/ch5/dIellipsoid.png used on input line 32.
(pdftex.def)             Requested size: 234.8775pt x 183.90689pt.
 [112 <../images/ch5/dIellipsoid.png>]

LaTeX Warning: Reference `fig:channelscheme' on page 113 undefined on input lin
e 39.


LaTeX Warning: Reference `fig:channelscheme' on page 113 undefined on input lin
e 41.


LaTeX Warning: Reference `fig:aspectmotif' on page 113 undefined on input line 
41.


LaTeX Warning: Reference `fig:RPmotif' on page 113 undefined on input line 41.


LaTeX Warning: Reference `fig:RPmotif' on page 113 undefined on input line 41.

[113] [114] <../images/ch5/celllines.jpg, id=1976, 1396.21625pt x 806.01125pt>
File: ../images/ch5/celllines.jpg Graphic file (type jpg)

<use ../images/ch5/celllines.jpg>
Package pdftex.def Info: ../images/ch5/celllines.jpg used on input line 52.
(pdftex.def)             Requested size: 469.75502pt x 271.17459pt.
 [115 <../images/ch5/celllines.jpg>]
Overfull \hbox (158.53748pt too wide) in paragraph at lines 62--83
 [] 
 []

[116]

LaTeX Warning: Reference `fig:hardwarescheme' on page 117 undefined on input li
ne 93.

[117] [118] [119]
<../images/ch5/ellipsefittingprotocol.png, id=2003, 2532.46124pt x 1547.7825pt>
File: ../images/ch5/ellipsefittingprotocol.png Graphic file (type png)
<use ../images/ch5/ellipsefittingprotocol.png>
Package pdftex.def Info: ../images/ch5/ellipsefittingprotocol.png used on input
 line 109.
(pdftex.def)             Requested size: 469.75502pt x 287.09103pt.


LaTeX Warning: Reference `fig:deformationmotif' on page 120 undefined on input 
line 116.

[120] [121 <../images/ch5/ellipsefittingprotocol.png>]
<../images/ch5/ellipses.png, id=2017, 650.43pt x 650.43pt>
File: ../images/ch5/ellipses.png Graphic file (type png)

<use ../images/ch5/ellipses.png>
Package pdftex.def Info: ../images/ch5/ellipses.png used on input line 123.
(pdftex.def)             Requested size: 234.8775pt x 234.87912pt.


LaTeX Warning: Reference `fig:deformationmotif' on page 122 undefined on input 
line 124.


LaTeX Warning: Reference `fig:deformationmotif' on page 122 undefined on input 
line 124.

[122 <../images/ch5/ellipses.png>]) [123]
\openout2 = `chapter6.aux'.

 (./chapter6.tex
Chapter 6.
[124



] [125] [126] [127] [128] [129]

LaTeX Warning: Reference `chap:cells' on page 130 undefined on input line 35.

[130]) [131] (./dissertation.bblpdfTeX warning (ext4): destination with the sam
e identifier (name{cite.Hinkle2017}) has been already used, duplicate ignored
<to be read again> 
                   \relax 
l.25 \bibitem{Hinkle2017}
                         pdfTeX warning (ext4): destination with the same ident
ifier (name{cite.Qiu2015}) has been already used, duplicate ignored
<to be read again> 
                   \relax 
l.43 \bibitem{Qiu2015}
                      
Missing character: There is no  in font cmr12!
Missing character: There is no  in font cmr12!
Missing character: There is no  in font cmr12!
Missing character: There is no  in font cmr12!
Missing character: There is no  in font cmr12!
Missing character: There is no  in font cmr12!
pdfTeX warning (ext4): destination with the same identifier (name{cite.Vlassiou
k2007}) has been already used, duplicate ignored
<to be read again> 
                   \relax 
l.60 \bibitem{Vlassiouk2007}
                            pdfTeX warning (ext4): destination with the same id
entifier (name{cite.Yang2016}) has been already used, duplicate ignored
<to be read again> 
                   \relax 
l.66 \bibitem{Yang2016}
                        [132



]) [133]
\openout2 = `appendix.aux'.

 (./appendix.tex
Appendix A.
) [134


]

Package natbib Warning: There were undefined citations.


Package caption Warning: Unused \captionsetup[figure] on input line 135.
See the caption package documentation for explanation.


Package caption Warning: Unused \captionsetup[table] on input line 136.
See the caption package documentation for explanation.

Package atveryend Info: Empty hook `BeforeClearDocument' on input line 141.
Package atveryend Info: Empty hook `AfterLastShipout' on input line 141.
(./dissertation.aux (./chapter1.aux) (./chapter2.aux) (./chapter3.aux)
(./chapter4.aux) (./chapter5.aux) (./chapter6.aux) (./appendix.aux))
Package atveryend Info: Executing hook `AtVeryEndDocument' on input line 141.
Package atveryend Info: Executing hook `AtEndAfterFileList' on input line 141.


Package rerunfilecheck Warning: File `dissertation.out' has changed.
(rerunfilecheck)                Rerun to get outlines right
(rerunfilecheck)                or use package `bookmark'.

Package rerunfilecheck Info: Checksums for `dissertation.out':
(rerunfilecheck)             Before: B26DB6E80FDD482BAF9938762B065C70;4992
(rerunfilecheck)             After:  8145B9F3D48D4EE97C6173215491AC35;4992.

LaTeX Font Warning: Some font shapes were not available, defaults substituted.


LaTeX Warning: There were undefined references.


LaTeX Warning: Label(s) may have changed. Rerun to get cross-references right.

 ) 
Here is how much of TeX's memory you used:
 18975 strings out of 493013
 360666 string characters out of 6133328
 444789 words of memory out of 5000000
 21863 multiletter control sequences out of 15000+600000
 15879 words of font info for 59 fonts, out of 8000000 for 9000
 1141 hyphenation exceptions out of 8191
 42i,14n,53p,10383b,888s stack positions out of 5000i,500n,10000p,200000b,80000s
pdfTeX warning (dest): name{table.caption.83} has been referenced but does no
t exist, replaced by a fixed one

pdfTeX warning (dest): name{figure.caption.84} has been referenced but does not
 exist, replaced by a fixed one

pdfTeX warning (dest): name{figure.caption.79} has been referenced but does not
 exist, replaced by a fixed one

pdfTeX warning (dest): name{figure.caption.76} has been referenced but does not
 exist, replaced by a fixed one

pdfTeX warning (dest): name{figure.caption.71} has been referenced but does not
 exist, replaced by a fixed one

pdfTeX warning (dest): name{figure.caption.69} has been referenced but does not
 exist, replaced by a fixed one

pdfTeX warning (dest): name{section*.86} has been referenced but does not exist
, replaced by a fixed one

</usr/local/texlive/2016/texmf-dist/fonts/type1/public/amsfonts/cm/cmbx10.pfb><
/usr/local/texlive/2016/texmf-dist/fonts/type1/public/amsfonts/cm/cmbx12.pfb></
usr/local/texlive/2016/texmf-dist/fonts/type1/public/amsfonts/cm/cmbxti10.pfb><
/usr/local/texlive/2016/texmf-dist/fonts/type1/public/amsfonts/cm/cmex10.pfb></
usr/local/texlive/2016/texmf-dist/fonts/type1/public/amsfonts/cm/cmmi12.pfb></u
sr/local/texlive/2016/texmf-dist/fonts/type1/public/amsfonts/cm/cmmi6.pfb></usr
/local/texlive/2016/texmf-dist/fonts/type1/public/amsfonts/cm/cmmi8.pfb></usr/l
ocal/texlive/2016/texmf-dist/fonts/type1/public/amsfonts/cm/cmr10.pfb></usr/loc
al/texlive/2016/texmf-dist/fonts/type1/public/amsfonts/cm/cmr12.pfb></usr/local
/texlive/2016/texmf-dist/fonts/type1/public/amsfonts/cm/cmr17.pfb></usr/local/t
exlive/2016/texmf-dist/fonts/type1/public/amsfonts/cm/cmr6.pfb></usr/local/texl
ive/2016/texmf-dist/fonts/type1/public/amsfonts/cm/cmr8.pfb></usr/local/texlive
/2016/texmf-dist/fonts/type1/public/amsfonts/cm/cmr9.pfb></usr/local/texlive/20
16/texmf-dist/fonts/type1/public/amsfonts/cm/cmsy10.pfb></usr/local/texlive/201
6/texmf-dist/fonts/type1/public/amsfonts/cm/cmsy6.pfb></usr/local/texlive/2016/
texmf-dist/fonts/type1/public/amsfonts/cm/cmsy8.pfb></usr/local/texlive/2016/te
xmf-dist/fonts/type1/public/amsfonts/cm/cmsy9.pfb></usr/local/texlive/2016/texm
f-dist/fonts/type1/public/amsfonts/cm/cmti12.pfb></usr/local/texlive/2016/texmf
-dist/fonts/type1/public/amsfonts/cm/cmtt12.pfb></usr/local/texlive/2016/texmf-
dist/fonts/type1/public/amsfonts/symbols/msam10.pfb>
Output written on dissertation.pdf (153 pages, 17416328 bytes).
PDF statistics:
 2213 PDF objects out of 2487 (max. 8388607)
 1551 compressed objects within 16 object streams
 347 named destinations out of 1000 (max. 500000)
 837 words of extra memory for PDF output out of 10000 (max. 10000000)

